[INFO] $d{yyyy-MM-dd-mm-ss a} main [Tests.TC10_ProblemUserLogin.setup(TC10_ProblemUserLogin.java:27)] - chrome driver is opened
[INFO] $d{yyyy-MM-dd-mm-ss a} main [Tests.TC10_ProblemUserLogin.setup(TC10_ProblemUserLogin.java:29)] - page is redirected to url
[INFO] $d{yyyy-MM-dd-mm-ss a} main [Listeners.CustomITestResult.onTestStart(CustomITestResult.java:18)] - test caseProblemLoginPageTCstarted
[INFO] $d{yyyy-MM-dd-mm-ss a} main [Listeners.CustomITestResult.onTestSuccess(CustomITestResult.java:22)] - test caseProblemLoginPageTCsuccess
[INFO] $d{yyyy-MM-dd-mm-ss a} main [Tests.TC11_ProblemLandingPage.setup(TC11_ProblemLandingPage.java:28)] - chrome driver is opened
[INFO] $d{yyyy-MM-dd-mm-ss a} main [Tests.TC11_ProblemLandingPage.setup(TC11_ProblemLandingPage.java:30)] - page is redirected to url
[INFO] $d{yyyy-MM-dd-mm-ss a} main [Listeners.CustomITestResult.onTestStart(CustomITestResult.java:18)] - test caseverifyErrorUserCartButtonBugstarted
[INFO] $d{yyyy-MM-dd-mm-ss a} main [Pages.P02_LandingPage.addAllProductsToCart(P02_LandingPage.java:40)] - number of all products:6
[INFO] $d{yyyy-MM-dd-mm-ss a} main [Pages.P02_LandingPage.getnumberOfSelectedProducts(P02_LandingPage.java:61)] - numberOfSelectedProducts:3
[INFO] $d{yyyy-MM-dd-mm-ss a} main [Pages.P02_LandingPage.checkingIfCartHasSixItems(P02_LandingPage.java:100)] - Expected number of items in cart is 6 while the actual number is 3
[INFO] $d{yyyy-MM-dd-mm-ss a} main [Pages.P02_LandingPage.getnumberOfProductsOnCartIcon(P02_LandingPage.java:50)] - number of products on cart :3
[ERROR] $d{yyyy-MM-dd-mm-ss a} main [Listeners.CustomITestResult.onTestFailure(CustomITestResult.java:31)] - ‚ùå TEST FAILED: verifyErrorUserCartButtonBug
[ERROR] $d{yyyy-MM-dd-mm-ss a} main [Listeners.CustomITestResult.onTestFailure(CustomITestResult.java:32)] - Reason: java.lang.AssertionError: expected [true] but found [false]
[INFO] $d{yyyy-MM-dd-mm-ss a} main [Tests.TC11_ProblemLandingPage.quit(TC11_ProblemLandingPage.java:52)] - Bug found!
